This is pdfTeX, Version 3.141592653-2.6-1.40.24 (MiKTeX 22.1) (preloaded format=pdflatex 2022.1.30)  9 APR 2022 23:30
entering extended mode
 restricted \write18 enabled.
 %&-line parsing enabled.
**./CompetitionMathematics.tex
(CompetitionMathematics.tex
LaTeX2e <2021-11-15> patch level 1
L3 programming layer <2022-01-21>
(C:\Users\rishi\AppData\Local\Programs\MiKTeX\tex/latex/base\book.cls
Document Class: book 2021/10/04 v1.4n Standard LaTeX document class
(C:\Users\rishi\AppData\Local\Programs\MiKTeX\tex/latex/base\bk12.clo
File: bk12.clo 2021/10/04 v1.4n Standard LaTeX file (size option)
)
\c@part=\count185
\c@chapter=\count186
\c@section=\count187
\c@subsection=\count188
\c@subsubsection=\count189
\c@paragraph=\count190
\c@subparagraph=\count191
\c@figure=\count192
\c@table=\count193
\abovecaptionskip=\skip47
\belowcaptionskip=\skip48
\bibindent=\dimen138
)
(C:\Users\rishi\AppData\Local\Programs\MiKTeX\tex/latex/appendix\appendix.sty
Package: appendix 2020/02/08 v1.2c extra appendix facilities
\c@@pps=\count194
\c@@ppsavesec=\count195
\c@@ppsaveapp=\count196
)
(C:\Users\rishi\AppData\Local\Programs\MiKTeX\tex/latex/amsmath\amsmath.sty
Package: amsmath 2021/10/15 v2.17l AMS math features
\@mathmargin=\skip49

For additional information on amsmath, use the `?' option.
(C:\Users\rishi\AppData\Local\Programs\MiKTeX\tex/latex/amsmath\amstext.sty
Package: amstext 2021/08/26 v2.01 AMS text

(C:\Users\rishi\AppData\Local\Programs\MiKTeX\tex/latex/amsmath\amsgen.sty
File: amsgen.sty 1999/11/30 v2.0 generic functions
\@emptytoks=\toks16
\ex@=\dimen139
))
(C:\Users\rishi\AppData\Local\Programs\MiKTeX\tex/latex/amsmath\amsbsy.sty
Package: amsbsy 1999/11/29 v1.2d Bold Symbols
\pmbraise@=\dimen140
)
(C:\Users\rishi\AppData\Local\Programs\MiKTeX\tex/latex/amsmath\amsopn.sty
Package: amsopn 2021/08/26 v2.02 operator names
)
\inf@bad=\count197
LaTeX Info: Redefining \frac on input line 234.
\uproot@=\count198
\leftroot@=\count199
LaTeX Info: Redefining \overline on input line 399.
\classnum@=\count266
\DOTSCASE@=\count267
LaTeX Info: Redefining \ldots on input line 496.
LaTeX Info: Redefining \dots on input line 499.
LaTeX Info: Redefining \cdots on input line 620.
\Mathstrutbox@=\box50
\strutbox@=\box51
\big@size=\dimen141
LaTeX Font Info:    Redeclaring font encoding OML on input line 743.
LaTeX Font Info:    Redeclaring font encoding OMS on input line 744.
\macc@depth=\count268
\c@MaxMatrixCols=\count269
\dotsspace@=\muskip16
\c@parentequation=\count270
\dspbrk@lvl=\count271
\tag@help=\toks17
\row@=\count272
\column@=\count273
\maxfields@=\count274
\andhelp@=\toks18
\eqnshift@=\dimen142
\alignsep@=\dimen143
\tagshift@=\dimen144
\tagwidth@=\dimen145
\totwidth@=\dimen146
\lineht@=\dimen147
\@envbody=\toks19
\multlinegap=\skip50
\multlinetaggap=\skip51
\mathdisplay@stack=\toks20
LaTeX Info: Redefining \[ on input line 2938.
LaTeX Info: Redefining \] on input line 2939.
)
(C:\Users\rishi\AppData\Local\Programs\MiKTeX\tex/latex/amsfonts\amssymb.sty
Package: amssymb 2013/01/14 v3.01 AMS font symbols

(C:\Users\rishi\AppData\Local\Programs\MiKTeX\tex/latex/amsfonts\amsfonts.sty
Package: amsfonts 2013/01/14 v3.01 Basic AMSFonts support
\symAMSa=\mathgroup4
\symAMSb=\mathgroup5
LaTeX Font Info:    Redeclaring math symbol \hbar on input line 98.
LaTeX Font Info:    Overwriting math alphabet `\mathfrak' in version `bold'
(Font)                  U/euf/m/n --> U/euf/b/n on input line 106.
))
(C:\Users\rishi\AppData\Local\Programs\MiKTeX\tex/latex/l3backend\l3backend-pdf
tex.def
File: l3backend-pdftex.def 2022-01-12 L3 backend support: PDF output (pdfTeX)
\l__color_backend_stack_int=\count275
\l__pdf_internal_box=\box52
)

LaTeX Warning: Unused global option(s):
    [english].

(CompetitionMathematics.aux (FA01ExpLog.aux) (FA02Proportions.aux)
(FA03LinEq.aux) (FA04QuadEq.aux) (FA05Factoring.aux) (FA06ComplexNumbers.aux)
(FA07Functions.aux) (FA08Sets.aux) (FA09EqAndExpr.aux) (FA10Inequalities.aux)
(FA11OpsAndRels.aux) (FA12SeqAndSeries.aux) (FA13Limits.aux)
(FA14RepeatedFunctions.aux) (FA15VecAndMat.aux))
\openout1 = `CompetitionMathematics.aux'.

LaTeX Font Info:    Checking defaults for OML/cmm/m/it on input line 8.
LaTeX Font Info:    ... okay on input line 8.
LaTeX Font Info:    Checking defaults for OMS/cmsy/m/n on input line 8.
LaTeX Font Info:    ... okay on input line 8.
LaTeX Font Info:    Checking defaults for OT1/cmr/m/n on input line 8.
LaTeX Font Info:    ... okay on input line 8.
LaTeX Font Info:    Checking defaults for T1/cmr/m/n on input line 8.
LaTeX Font Info:    ... okay on input line 8.
LaTeX Font Info:    Checking defaults for TS1/cmr/m/n on input line 8.
LaTeX Font Info:    ... okay on input line 8.
LaTeX Font Info:    Checking defaults for OMX/cmex/m/n on input line 8.
LaTeX Font Info:    ... okay on input line 8.
LaTeX Font Info:    Checking defaults for U/cmr/m/n on input line 8.
LaTeX Font Info:    ... okay on input line 8.
LaTeX Font Info:    Trying to load font information for U+msa on input line 15.


(C:\Users\rishi\AppData\Local\Programs\MiKTeX\tex/latex/amsfonts\umsa.fd
File: umsa.fd 2013/01/14 v3.01 AMS symbols A
)
LaTeX Font Info:    Trying to load font information for U+msb on input line 15.


(C:\Users\rishi\AppData\Local\Programs\MiKTeX\tex/latex/amsfonts\umsb.fd
File: umsb.fd 2013/01/14 v3.01 AMS symbols B
)
[1


{C:/Users/rishi/AppData/Local/MiKTeX/fonts/map/pdftex/pdftex.map}]
(CompetitionMathematics.toc [1

] [2])
\tf@toc=\write3
\openout3 = `CompetitionMathematics.toc'.

 [3] [4

] [5

]
\openout2 = `FA01ExpLog.aux'.

 (FA01ExpLog.tex
Chapter 1.
[6


]
Overfull \hbox (33.6525pt too wide) in paragraph at lines 27--28
[] \OT1/cmr/m/n/12 = [] =
 []

[7]) [8]
\openout2 = `FA02Proportions.aux'.

 (FA02Proportions.tex
Chapter 2.
) [9




]
\openout2 = `FA03LinEq.aux'.

 (FA03LinEq.tex
Chapter 3.
) [10




]
\openout2 = `FA04QuadEq.aux'.

 (FA04QuadEq.tex
Chapter 4.
) [11




]
\openout2 = `FA05Factoring.aux'.

 (FA05Factoring.tex
Chapter 5.
) [12




]
\openout2 = `FA06ComplexNumbers.aux'.

 (FA06ComplexNumbers.tex
Chapter 6.
) [13




]
\openout2 = `FA07Functions.aux'.

 (FA07Functions.tex
Chapter 7.
) [14




]
\openout2 = `FA08Sets.aux'.

 (FA08Sets.tex
Chapter 8.
) [15




]
\openout2 = `FA09EqAndExpr.aux'.

 (FA09EqAndExpr.tex
Chapter 9.
) [16




]
\openout2 = `FA10Inequalities.aux'.

 (FA10Inequalities.tex
Chapter 10.
) [17




]
\openout2 = `FA11OpsAndRels.aux'.

 (FA11OpsAndRels.tex
Chapter 11.
) [18




]
\openout2 = `FA12SeqAndSeries.aux'.

 (FA12SeqAndSeries.tex
Chapter 12.
) [19




]
\openout2 = `FA13Limits.aux'.

 (FA13Limits.tex
Chapter 13.
) [20




]
\openout2 = `FA14RepeatedFunctions.aux'.

 (FA14RepeatedFunctions.tex
Chapter 14.
) [21




]
\openout2 = `FA15VecAndMat.aux'.

 (FA15VecAndMat.tex
Chapter 15.
) [22




] [23



] [24

] [25

] [26

] [27

] [28

] [29

] [30

]
Appendix A.
[31

]
Appendix B.
[32

]
No file CompetitionMathematics.bbl.
(CompetitionMathematics.aux (FA01ExpLog.aux) (FA02Proportions.aux)
(FA03LinEq.aux) (FA04QuadEq.aux) (FA05Factoring.aux) (FA06ComplexNumbers.aux)
(FA07Functions.aux) (FA08Sets.aux) (FA09EqAndExpr.aux) (FA10Inequalities.aux)
(FA11OpsAndRels.aux) (FA12SeqAndSeries.aux) (FA13Limits.aux)
(FA14RepeatedFunctions.aux) (FA15VecAndMat.aux)) ) 
Here is how much of TeX's memory you used:
 2237 strings out of 478593
 42527 string characters out of 2844604
 320125 words of memory out of 3000000
 20336 multiletter control sequences out of 15000+600000
 478980 words of font info for 65 fonts, out of 8000000 for 9000
 1141 hyphenation exceptions out of 8191
 54i,6n,62p,1024b,209s stack positions out of 5000i,500n,10000p,200000b,80000s
<C:/Users/rishi/AppData/Local
/Programs/MiKTeX/fonts/type1/public/amsfonts/cm/cmbx12.pfb><C:/Users/rishi/AppD
ata/Local/Programs/MiKTeX/fonts/type1/public/amsfonts/cm/cmmi12.pfb><C:/Users/r
ishi/AppData/Local/Programs/MiKTeX/fonts/type1/public/amsfonts/cm/cmmi8.pfb><C:
/Users/rishi/AppData/Local/Programs/MiKTeX/fonts/type1/public/amsfonts/cm/cmr12
.pfb><C:/Users/rishi/AppData/Local/Programs/MiKTeX/fonts/type1/public/amsfonts/
cm/cmr17.pfb><C:/Users/rishi/AppData/Local/Programs/MiKTeX/fonts/type1/public/a
msfonts/cm/cmr6.pfb><C:/Users/rishi/AppData/Local/Programs/MiKTeX/fonts/type1/p
ublic/amsfonts/cm/cmr8.pfb><C:/Users/rishi/AppData/Local/Programs/MiKTeX/fonts/
type1/public/amsfonts/cm/cmsl12.pfb><C:/Users/rishi/AppData/Local/Programs/MiKT
eX/fonts/type1/public/amsfonts/cm/cmsy10.pfb><C:/Users/rishi/AppData/Local/Prog
rams/MiKTeX/fonts/type1/public/amsfonts/cm/cmsy8.pfb>
Output written on CompetitionMathematics.pdf (33 pages, 141587 bytes).
PDF statistics:
 158 PDF objects out of 1000 (max. 8388607)
 0 named destinations out of 1000 (max. 500000)
 1 words of extra memory for PDF output out of 10000 (max. 10000000)

